[     112ms] [INFO] [2026-05-03T06:19:20.543Z] Information: Normalizing '_blazor' to 'http://localhost:5000/_blazor'. @ http://localhost:5000/_framework/blazor.server.js:0
[     123ms] [INFO] [2026-05-03T06:19:20.555Z] Information: WebSocket connected to ws://localhost:5000/_blazor?id=b6AjmK5oIVbSNTr6GYjM7w. @ http://localhost:5000/_framework/blazor.server.js:0
[     386ms] [ERROR] [2026-05-03T06:19:20.817Z] Error: Microsoft.JSInterop.JSException: Could not find 'renderNetwork' ('renderNetwork' was undefined).
Error: Could not find 'renderNetwork' ('renderNetwork' was undefined).
    at http://localhost:5000/_framework/blazor.server.js:1:537
    at Array.forEach (<anonymous>)
    at l.findFunction (http://localhost:5000/_framework/blazor.server.js:1:505)
    at _ (http://localhost:5000/_framework/blazor.server.js:1:5248)
    at http://localhost:5000/_framework/blazor.server.js:1:3041
    at new Promise (<anonymous>)
    at y.beginInvokeJSFromDotNet (http://localhost:5000/_framework/blazor.server.js:1:3004)
    at Xt._invokeClientMethod (http://localhost:5000/_framework/blazor.server.js:1:60890)
    at Xt._processIncomingData (http://localhost:5000/_framework/blazor.server.js:1:58279)
    at Xt.connection.onreceive (http://localhost:5000/_framework/blazor.server.js:1:51920)
   at Microsoft.JSInterop.JSRuntime.InvokeAsync[TValue](Int64 targetInstanceId, String identifier, Object[] args)
   at Microsoft.JSInterop.JSRuntimeExtensions.InvokeVoidAsync(IJSRuntime jsRuntime, String identifier, Object[] args)
   at NetPlan.Server.Pages.Project.Network.InitGraph() in I:\NetPlan\src\NetPlan.Server\Pages\Project\Network.razor:line 65
   at NetPlan.Server.Pages.Project.Network.OnAfterRenderAsync(Boolean firstRender) in I:\NetPlan\src\NetPlan.Server\Pages\Project\Network.razor:line 40
   at Microsoft.AspNetCore.Components.RenderTree.Renderer.GetErrorHandledTask(Task taskToHandle, ComponentState owningComponentState) @ http://localhost:5000/_framework/blazor.server.js:0
[     387ms] [INFO] [2026-05-03T06:19:20.818Z] Information: Connection disconnected. @ http://localhost:5000/_framework/blazor.server.js:0
