[      49ms] [INFO] [2026-05-05T06:48:36.265Z] Information: Normalizing '_blazor' to 'http://localhost:5000/_blazor'. @ http://localhost:5000/_framework/blazor.server.js:0
[      63ms] [INFO] [2026-05-05T06:48:36.279Z] Information: WebSocket connected to ws://localhost:5000/_blazor?id=4VqoRU5WUGlFeICTvy40-w. @ http://localhost:5000/_framework/blazor.server.js:0
[    1627ms] [LOG] [NET] poller: calling renderNetwork... @ http://localhost:5000/js/netplan.js:1232
[    1627ms] [LOG] [NET] SVG render. opts: {"totalDays":397,"dayWidth":40,"showTodayLine":true,"showProgressLine":true} @ http://localhost:5000/js/netplan.js:905
[    1627ms] [LOG] [NET] tasks: 16 | rels: 17 @ http://localhost:5000/js/netplan.js:922
[    1628ms] [ERROR] [NET] renderNetwork error ReferenceError: relations is not defined
    at calculateVerticalLayout (http://localhost:5000/js/netplan.js:529:9)
    at window.renderNetwork (http://localhost:5000/js/netplan.js:926:18)
    at http://localhost:5000/js/netplan.js:1234:20 @ http://localhost:5000/js/netplan.js:1234
[   59944ms] [ERROR] [2026-05-05T06:49:36.161Z] Error: Connection disconnected with error 'Error: WebSocket closed with status code: 1006 (no reason given).'. @ http://localhost:5000/_framework/blazor.server.js:0
[   62950ms] [INFO] [2026-05-05T06:49:39.167Z] Information: Normalizing '_blazor' to 'http://localhost:5000/_blazor'. @ http://localhost:5000/_framework/blazor.server.js:0
[   63251ms] [INFO] [2026-05-05T06:49:39.468Z] Information: WebSocket connected to ws://localhost:5000/_blazor?id=cRkawxb4vrbGtoICQUL0BA. @ http://localhost:5000/_framework/blazor.server.js:0
[   81806ms] [INFO] [2026-05-05T06:49:58.022Z] Information: Normalizing '_blazor' to 'http://localhost:5000/_blazor'. @ http://localhost:5000/_framework/blazor.server.js:0
[   81814ms] [INFO] [2026-05-05T06:49:58.030Z] Information: WebSocket connected to ws://localhost:5000/_blazor?id=5KojubswHt5leozb5AG2hg. @ http://localhost:5000/_framework/blazor.server.js:0
[   82110ms] [LOG] [NET] poller: calling renderNetwork... @ http://localhost:5000/js/netplan.js:1232
[   82110ms] [LOG] [NET] SVG render. opts: {"totalDays":397,"dayWidth":40,"showTodayLine":true,"showProgressLine":true} @ http://localhost:5000/js/netplan.js:905
[   82110ms] [LOG] [NET] tasks: 16 | rels: 17 @ http://localhost:5000/js/netplan.js:922
[   82111ms] [LOG] [NET] SVG size: 16060 x 1420 @ http://localhost:5000/js/netplan.js:939
[   82111ms] [LOG] [SVG] opts: todayLine= true progressLine= true dayWidth= 40 critical= true float= true @ http://localhost:5000/js/netplan.js:586
[   82114ms] [LOG] [NET] SVG rendered. @ http://localhost:5000/js/netplan.js:949
