[      50ms] [INFO] [2026-05-03T06:15:03.560Z] Information: Normalizing '_blazor' to 'http://localhost:5000/_blazor'. @ http://localhost:5000/_framework/blazor.server.js:0
[      56ms] [INFO] [2026-05-03T06:15:03.566Z] Information: WebSocket connected to ws://localhost:5000/_blazor?id=u3yyzulFkrZefBvEZzAceg. @ http://localhost:5000/_framework/blazor.server.js:0
[     338ms] [ERROR] [2026-05-03T06:15:03.848Z] Error: Microsoft.JSInterop.JSException: Could not find 'renderNetwork' ('renderNetwork' was undefined).
Error: Could not find 'renderNetwork' ('renderNetwork' was undefined).
    at http://localhost:5000/_framework/blazor.server.js:1:537
    at Array.forEach (<anonymous>)
    at l.findFunction (http://localhost:5000/_framework/blazor.server.js:1:505)
    at _ (http://localhost:5000/_framework/blazor.server.js:1:5248)
    at http://localhost:5000/_framework/blazor.server.js:1:3041
    at new Promise (<anonymous>)
    at y.beginInvokeJSFromDotNet (http://localhost:5000/_framework/blazor.server.js:1:3004)
    at Xt._invokeClientMethod (http://localhost:5000/_framework/blazor.server.js:1:60890)
    at Xt._processIncomingData (http://localhost:5000/_framework/blazor.server.js:1:58279)
    at Xt.connection.onreceive (http://localhost:5000/_framework/blazor.server.js:1:51920)
   at Microsoft.JSInterop.JSRuntime.InvokeAsync[TValue](Int64 targetInstanceId, String identifier, Object[] args)
   at Microsoft.JSInterop.JSRuntimeExtensions.InvokeVoidAsync(IJSRuntime jsRuntime, String identifier, Object[] args)
   at NetPlan.Server.Pages.Project.Network.BuildAndRender() in I:\NetPlan\src\NetPlan.Server\Pages\Project\Network.razor:line 56
   at NetPlan.Server.Pages.Project.Network.OnInitializedAsync() in I:\NetPlan\src\NetPlan.Server\Pages\Project\Network.razor:line 32
   at Microsoft.AspNetCore.Components.ComponentBase.RunInitAndSetParametersAsync()
   at Microsoft.AspNetCore.Components.RenderTree.Renderer.GetErrorHandledTask(Task taskToHandle, ComponentState owningComponentState) @ http://localhost:5000/_framework/blazor.server.js:0
[     339ms] [INFO] [2026-05-03T06:15:03.848Z] Information: Connection disconnected. @ http://localhost:5000/_framework/blazor.server.js:0
[   41284ms] [INFO] [2026-05-03T06:15:44.793Z] Information: Normalizing '_blazor' to 'http://localhost:5000/_blazor'. @ http://localhost:5000/_framework/blazor.server.js:0
[   41288ms] [INFO] [2026-05-03T06:15:44.798Z] Information: WebSocket connected to ws://localhost:5000/_blazor?id=lBwSJhX8jBUlXn6z_b8SbA. @ http://localhost:5000/_framework/blazor.server.js:0
[   41550ms] [WARNING] You have set a custom wheel sensitivity.  This will make your app zoom unnaturally when using mainstream mice.  You should change this value from the default only if you can guarantee that all your users will use the same hardware and OS configuration as your current machine. @ https://unpkg.com/cytoscape@3.28.1/dist/cytoscape.min.js:22
[   41557ms] Uncaught TypeError: Cannot read properties of undefined (reading 'graphlib')
    at DagreLayout.run (https://unpkg.com/cytoscape-dagre@2.5.0/cytoscape-dagre.js:176:20)
    at <anonymous> (https://unpkg.com/cytoscape@3.28.1/dist/cytoscape.min.js:31:62375)
    at <anonymous> (https://unpkg.com/cytoscape@3.28.1/dist/cytoscape.min.js:31:62381)
    at <anonymous> (https://unpkg.com/cytoscape@3.28.1/dist/cytoscape.min.js:31:61925)
    at Is (https://unpkg.com/cytoscape@3.28.1/dist/cytoscape.min.js:31:61930)
    at $u (https://unpkg.com/cytoscape@3.28.1/dist/cytoscape.min.js:31:222430)
    at tryRender (http://localhost:5000/js/netplan.js:169:17)
    at <anonymous> (http://localhost:5000/js/netplan.js:163:55)
