[      45ms] [INFO] [2026-05-03T06:17:44.245Z] Information: Normalizing '_blazor' to 'http://localhost:5000/_blazor'. @ http://localhost:5000/_framework/blazor.server.js:0
[      57ms] [INFO] [2026-05-03T06:17:44.257Z] Information: WebSocket connected to ws://localhost:5000/_blazor?id=SSIabzjoeeo_7qz5I5abwg. @ http://localhost:5000/_framework/blazor.server.js:0
[     303ms] [ERROR] [2026-05-03T06:17:44.504Z] Error: Microsoft.JSInterop.JSException: Could not find 'renderNetwork' ('renderNetwork' was undefined).
Error: Could not find 'renderNetwork' ('renderNetwork' was undefined).
    at http://localhost:5000/_framework/blazor.server.js:1:537
    at Array.forEach (<anonymous>)
    at l.findFunction (http://localhost:5000/_framework/blazor.server.js:1:505)
    at _ (http://localhost:5000/_framework/blazor.server.js:1:5248)
    at http://localhost:5000/_framework/blazor.server.js:1:3041
    at new Promise (<anonymous>)
    at y.beginInvokeJSFromDotNet (http://localhost:5000/_framework/blazor.server.js:1:3004)
    at Xt._invokeClientMethod (http://localhost:5000/_framework/blazor.server.js:1:60890)
    at Xt._processIncomingData (http://localhost:5000/_framework/blazor.server.js:1:58279)
    at Xt.connection.onreceive (http://localhost:5000/_framework/blazor.server.js:1:51920)
   at Microsoft.JSInterop.JSRuntime.InvokeAsync[TValue](Int64 targetInstanceId, String identifier, Object[] args)
   at Microsoft.JSInterop.JSRuntimeExtensions.InvokeVoidAsync(IJSRuntime jsRuntime, String identifier, Object[] args)
   at NetPlan.Server.Pages.Project.Network.BuildAndRender() in I:\NetPlan\src\NetPlan.Server\Pages\Project\Network.razor:line 56
   at NetPlan.Server.Pages.Project.Network.OnInitializedAsync() in I:\NetPlan\src\NetPlan.Server\Pages\Project\Network.razor:line 32
   at Microsoft.AspNetCore.Components.ComponentBase.RunInitAndSetParametersAsync()
   at Microsoft.AspNetCore.Components.RenderTree.Renderer.GetErrorHandledTask(Task taskToHandle, ComponentState owningComponentState) @ http://localhost:5000/_framework/blazor.server.js:0
[     304ms] [INFO] [2026-05-03T06:17:44.504Z] Information: Connection disconnected. @ http://localhost:5000/_framework/blazor.server.js:0
