[      40ms] [INFO] [2026-05-05T07:31:56.238Z] Information: Normalizing '_blazor' to 'http://localhost:5000/_blazor'. @ http://localhost:5000/_framework/blazor.server.js:0
[      49ms] [INFO] [2026-05-05T07:31:56.247Z] Information: WebSocket connected to ws://localhost:5000/_blazor?id=eQ_49NGnkXmcf6qCjkqscA. @ http://localhost:5000/_framework/blazor.server.js:0
[    2222ms] [LOG] [NET] poller: calling renderNetwork... @ http://localhost:5000/js/netplan.js:1232
[    2222ms] [LOG] [NET] SVG render. opts: {"totalDays":397,"dayWidth":40,"showTodayLine":true,"showProgressLine":true} @ http://localhost:5000/js/netplan.js:905
[    2222ms] [LOG] [NET] tasks: 16 | rels: 17 @ http://localhost:5000/js/netplan.js:922
[    2223ms] [LOG] [NET] SVG size: 16060 x 1420 @ http://localhost:5000/js/netplan.js:939
[    2223ms] [LOG] [SVG] opts: todayLine= true progressLine= true dayWidth= 40 critical= true float= true @ http://localhost:5000/js/netplan.js:586
[    2226ms] [LOG] [NET] SVG rendered. @ http://localhost:5000/js/netplan.js:949
[  579171ms] [ERROR] [2026-05-05T07:41:35.370Z] Error: Connection disconnected with error 'Error: WebSocket closed with status code: 1006 (no reason given).'. @ http://localhost:5000/_framework/blazor.server.js:0
[  582172ms] [INFO] [2026-05-05T07:41:38.371Z] Information: Normalizing '_blazor' to 'http://localhost:5000/_blazor'. @ http://localhost:5000/_framework/blazor.server.js:0
[  584525ms] [ERROR] Failed to load resource: net::ERR_CONNECTION_REFUSED @ http://localhost:5000/_blazor/negotiate?negotiateVersion=1:0
[  584525ms] [WARNING] [2026-05-05T07:41:40.724Z] Warning: Error from HTTP request. TypeError: Failed to fetch. @ http://localhost:5000/_framework/blazor.server.js:0
[  584525ms] [ERROR] [2026-05-05T07:41:40.724Z] Error: Failed to complete negotiation with the server: TypeError: Failed to fetch @ http://localhost:5000/_framework/blazor.server.js:0
[  584525ms] [ERROR] [2026-05-05T07:41:40.724Z] Error: Failed to start the connection: Error: Failed to complete negotiation with the server: TypeError: Failed to fetch @ http://localhost:5000/_framework/blazor.server.js:0
[  584525ms] [ERROR] [2026-05-05T07:41:40.724Z] Error: Error: Failed to complete negotiation with the server: TypeError: Failed to fetch @ http://localhost:5000/_framework/blazor.server.js:0
[  584526ms] [ERROR] [2026-05-05T07:41:40.724Z] Error: Error: Failed to complete negotiation with the server: TypeError: Failed to fetch @ http://localhost:5000/_framework/blazor.server.js:0
[  604530ms] [INFO] [2026-05-05T07:42:00.728Z] Information: Normalizing '_blazor' to 'http://localhost:5000/_blazor'. @ http://localhost:5000/_framework/blazor.server.js:0
[  606879ms] [ERROR] Failed to load resource: net::ERR_CONNECTION_REFUSED @ http://localhost:5000/_blazor/negotiate?negotiateVersion=1:0
[  606879ms] [WARNING] [2026-05-05T07:42:03.077Z] Warning: Error from HTTP request. TypeError: Failed to fetch. @ http://localhost:5000/_framework/blazor.server.js:0
[  606879ms] [ERROR] [2026-05-05T07:42:03.077Z] Error: Failed to complete negotiation with the server: TypeError: Failed to fetch @ http://localhost:5000/_framework/blazor.server.js:0
[  606879ms] [ERROR] [2026-05-05T07:42:03.077Z] Error: Failed to start the connection: Error: Failed to complete negotiation with the server: TypeError: Failed to fetch @ http://localhost:5000/_framework/blazor.server.js:0
[  606879ms] [ERROR] [2026-05-05T07:42:03.077Z] Error: Error: Failed to complete negotiation with the server: TypeError: Failed to fetch @ http://localhost:5000/_framework/blazor.server.js:0
[  606879ms] [ERROR] [2026-05-05T07:42:03.077Z] Error: Error: Failed to complete negotiation with the server: TypeError: Failed to fetch @ http://localhost:5000/_framework/blazor.server.js:0
[  626882ms] [INFO] [2026-05-05T07:42:23.080Z] Information: Normalizing '_blazor' to 'http://localhost:5000/_blazor'. @ http://localhost:5000/_framework/blazor.server.js:0
[  626898ms] [INFO] [2026-05-05T07:42:23.096Z] Information: WebSocket connected to ws://localhost:5000/_blazor?id=m8yFGm_BnLJ2H85KEOVNpg. @ http://localhost:5000/_framework/blazor.server.js:0
