[     111ms] [INFO] [2026-05-03T06:22:45.273Z] Information: Normalizing '_blazor' to 'http://localhost:5000/_blazor'. @ http://localhost:5000/_framework/blazor.server.js:0
[     123ms] [INFO] [2026-05-03T06:22:45.286Z] Information: WebSocket connected to ws://localhost:5000/_blazor?id=8yf5J9v-l04ZCQl8qAv_dQ. @ http://localhost:5000/_framework/blazor.server.js:0
[ 1310609ms] [ERROR] [2026-05-03T06:44:35.771Z] Error: Connection disconnected with error 'Error: WebSocket closed with status code: 1006 (no reason given).'. @ http://localhost:5000/_framework/blazor.server.js:0
[ 1313612ms] [INFO] [2026-05-03T06:44:38.775Z] Information: Normalizing '_blazor' to 'http://localhost:5000/_blazor'. @ http://localhost:5000/_framework/blazor.server.js:0
[ 1315950ms] [ERROR] Failed to load resource: net::ERR_CONNECTION_REFUSED @ http://localhost:5000/_blazor/negotiate?negotiateVersion=1:0
[ 1315950ms] [WARNING] [2026-05-03T06:44:41.113Z] Warning: Error from HTTP request. TypeError: Failed to fetch. @ http://localhost:5000/_framework/blazor.server.js:0
[ 1315950ms] [ERROR] [2026-05-03T06:44:41.113Z] Error: Failed to complete negotiation with the server: TypeError: Failed to fetch @ http://localhost:5000/_framework/blazor.server.js:0
[ 1315950ms] [ERROR] [2026-05-03T06:44:41.113Z] Error: Failed to start the connection: Error: Failed to complete negotiation with the server: TypeError: Failed to fetch @ http://localhost:5000/_framework/blazor.server.js:0
[ 1315950ms] [ERROR] [2026-05-03T06:44:41.113Z] Error: Error: Failed to complete negotiation with the server: TypeError: Failed to fetch @ http://localhost:5000/_framework/blazor.server.js:0
[ 1315950ms] [ERROR] [2026-05-03T06:44:41.113Z] Error: Error: Failed to complete negotiation with the server: TypeError: Failed to fetch @ http://localhost:5000/_framework/blazor.server.js:0
[ 1335951ms] [INFO] [2026-05-03T06:45:01.113Z] Information: Normalizing '_blazor' to 'http://localhost:5000/_blazor'. @ http://localhost:5000/_framework/blazor.server.js:0
[ 1338313ms] [ERROR] Failed to load resource: net::ERR_CONNECTION_REFUSED @ http://localhost:5000/_blazor/negotiate?negotiateVersion=1:0
[ 1338313ms] [WARNING] [2026-05-03T06:45:03.476Z] Warning: Error from HTTP request. TypeError: Failed to fetch. @ http://localhost:5000/_framework/blazor.server.js:0
[ 1338313ms] [ERROR] [2026-05-03T06:45:03.476Z] Error: Failed to complete negotiation with the server: TypeError: Failed to fetch @ http://localhost:5000/_framework/blazor.server.js:0
[ 1338314ms] [ERROR] [2026-05-03T06:45:03.476Z] Error: Failed to start the connection: Error: Failed to complete negotiation with the server: TypeError: Failed to fetch @ http://localhost:5000/_framework/blazor.server.js:0
[ 1338314ms] [ERROR] [2026-05-03T06:45:03.476Z] Error: Error: Failed to complete negotiation with the server: TypeError: Failed to fetch @ http://localhost:5000/_framework/blazor.server.js:0
[ 1338314ms] [ERROR] [2026-05-03T06:45:03.476Z] Error: Error: Failed to complete negotiation with the server: TypeError: Failed to fetch @ http://localhost:5000/_framework/blazor.server.js:0
[ 1358318ms] [INFO] [2026-05-03T06:45:23.480Z] Information: Normalizing '_blazor' to 'http://localhost:5000/_blazor'. @ http://localhost:5000/_framework/blazor.server.js:0
[ 1360654ms] [ERROR] Failed to load resource: net::ERR_CONNECTION_REFUSED @ http://localhost:5000/_blazor/negotiate?negotiateVersion=1:0
[ 1360654ms] [WARNING] [2026-05-03T06:45:25.816Z] Warning: Error from HTTP request. TypeError: Failed to fetch. @ http://localhost:5000/_framework/blazor.server.js:0
[ 1360654ms] [ERROR] [2026-05-03T06:45:25.816Z] Error: Failed to complete negotiation with the server: TypeError: Failed to fetch @ http://localhost:5000/_framework/blazor.server.js:0
[ 1360654ms] [ERROR] [2026-05-03T06:45:25.816Z] Error: Failed to start the connection: Error: Failed to complete negotiation with the server: TypeError: Failed to fetch @ http://localhost:5000/_framework/blazor.server.js:0
[ 1360654ms] [ERROR] [2026-05-03T06:45:25.816Z] Error: Error: Failed to complete negotiation with the server: TypeError: Failed to fetch @ http://localhost:5000/_framework/blazor.server.js:0
[ 1360654ms] [ERROR] [2026-05-03T06:45:25.817Z] Error: Error: Failed to complete negotiation with the server: TypeError: Failed to fetch @ http://localhost:5000/_framework/blazor.server.js:0
[ 1380657ms] [INFO] [2026-05-03T06:45:45.819Z] Information: Normalizing '_blazor' to 'http://localhost:5000/_blazor'. @ http://localhost:5000/_framework/blazor.server.js:0
[ 1382983ms] [ERROR] Failed to load resource: net::ERR_CONNECTION_REFUSED @ http://localhost:5000/_blazor/negotiate?negotiateVersion=1:0
[ 1382983ms] [WARNING] [2026-05-03T06:45:48.146Z] Warning: Error from HTTP request. TypeError: Failed to fetch. @ http://localhost:5000/_framework/blazor.server.js:0
[ 1382983ms] [ERROR] [2026-05-03T06:45:48.146Z] Error: Failed to complete negotiation with the server: TypeError: Failed to fetch @ http://localhost:5000/_framework/blazor.server.js:0
[ 1382983ms] [ERROR] [2026-05-03T06:45:48.146Z] Error: Failed to start the connection: Error: Failed to complete negotiation with the server: TypeError: Failed to fetch @ http://localhost:5000/_framework/blazor.server.js:0
[ 1382983ms] [ERROR] [2026-05-03T06:45:48.146Z] Error: Error: Failed to complete negotiation with the server: TypeError: Failed to fetch @ http://localhost:5000/_framework/blazor.server.js:0
[ 1382983ms] [ERROR] [2026-05-03T06:45:48.146Z] Error: Error: Failed to complete negotiation with the server: TypeError: Failed to fetch @ http://localhost:5000/_framework/blazor.server.js:0
