[      43ms] [INFO] [2026-05-05T04:51:31.670Z] Information: Normalizing '_blazor' to 'http://localhost:5000/_blazor'. @ http://localhost:5000/_framework/blazor.server.js:0
[      47ms] [INFO] [2026-05-05T04:51:31.674Z] Information: WebSocket connected to ws://localhost:5000/_blazor?id=v6vTQESPwUi088Q8CAIFqQ. @ http://localhost:5000/_framework/blazor.server.js:0
[    1840ms] [LOG] [NET] poller: calling renderNetwork... @ http://localhost:5000/js/netplan.js:1082
[    1840ms] [LOG] [NET] SVG render. opts: {"totalDays":400,"dayWidth":40,"showTodayLine":true,"showProgressLine":true} @ http://localhost:5000/js/netplan.js:802
[    1840ms] [LOG] [NET] tasks: 16 | rels: 17 @ http://localhost:5000/js/netplan.js:819
[    1841ms] [LOG] [NET] SVG size: 16180 x 1420 @ http://localhost:5000/js/netplan.js:836
[    1841ms] [LOG] [SVG] opts: todayLine= true progressLine= true dayWidth= 40 critical= true float= true @ http://localhost:5000/js/netplan.js:494
[    1844ms] [LOG] [NET] SVG rendered. @ http://localhost:5000/js/netplan.js:846
[  260966ms] [ERROR] [2026-05-05T04:55:52.594Z] Error: Connection disconnected with error 'Error: WebSocket closed with status code: 1006 (no reason given).'. @ http://localhost:5000/_framework/blazor.server.js:0
[  263972ms] [INFO] [2026-05-05T04:55:55.599Z] Information: Normalizing '_blazor' to 'http://localhost:5000/_blazor'. @ http://localhost:5000/_framework/blazor.server.js:0
[  266309ms] [ERROR] Failed to load resource: net::ERR_CONNECTION_REFUSED @ http://localhost:5000/_blazor/negotiate?negotiateVersion=1:0
[  266309ms] [WARNING] [2026-05-05T04:55:57.937Z] Warning: Error from HTTP request. TypeError: Failed to fetch. @ http://localhost:5000/_framework/blazor.server.js:0
[  266310ms] [ERROR] [2026-05-05T04:55:57.937Z] Error: Failed to complete negotiation with the server: TypeError: Failed to fetch @ http://localhost:5000/_framework/blazor.server.js:0
[  266310ms] [ERROR] [2026-05-05T04:55:57.937Z] Error: Failed to start the connection: Error: Failed to complete negotiation with the server: TypeError: Failed to fetch @ http://localhost:5000/_framework/blazor.server.js:0
[  266310ms] [ERROR] [2026-05-05T04:55:57.937Z] Error: Error: Failed to complete negotiation with the server: TypeError: Failed to fetch @ http://localhost:5000/_framework/blazor.server.js:0
[  266310ms] [ERROR] [2026-05-05T04:55:57.937Z] Error: Error: Failed to complete negotiation with the server: TypeError: Failed to fetch @ http://localhost:5000/_framework/blazor.server.js:0
[  280210ms] [INFO] [2026-05-05T04:56:11.838Z] Information: Normalizing '_blazor' to 'http://localhost:5000/_blazor'. @ http://localhost:5000/_framework/blazor.server.js:0
[  280223ms] [INFO] [2026-05-05T04:56:11.851Z] Information: WebSocket connected to ws://localhost:5000/_blazor?id=flMsmm5jyunCkX0Fs9hbEg. @ http://localhost:5000/_framework/blazor.server.js:0
[  280519ms] [LOG] [NET] poller: calling renderNetwork... @ http://localhost:5000/js/netplan.js:1082
[  280519ms] [LOG] [NET] SVG render. opts: {"totalDays":400,"dayWidth":40,"showTodayLine":true,"showProgressLine":true} @ http://localhost:5000/js/netplan.js:802
[  280519ms] [LOG] [NET] tasks: 16 | rels: 17 @ http://localhost:5000/js/netplan.js:819
[  280520ms] [LOG] [NET] SVG size: 16180 x 1420 @ http://localhost:5000/js/netplan.js:836
[  280520ms] [LOG] [SVG] opts: todayLine= true progressLine= true dayWidth= 40 critical= true float= true @ http://localhost:5000/js/netplan.js:494
[  280522ms] [LOG] [NET] SVG rendered. @ http://localhost:5000/js/netplan.js:846
[  333029ms] [INFO] [2026-05-05T04:57:04.656Z] Information: Normalizing '_blazor' to 'http://localhost:5000/_blazor'. @ http://localhost:5000/_framework/blazor.server.js:0
[  333033ms] [INFO] [2026-05-05T04:57:04.660Z] Information: WebSocket connected to ws://localhost:5000/_blazor?id=DZY7kI20cPMlJSRruHRPuw. @ http://localhost:5000/_framework/blazor.server.js:0
[  333339ms] [LOG] [NET] poller: calling renderNetwork... @ http://localhost:5000/js/netplan.js:1082
[  333339ms] [LOG] [NET] SVG render. opts: {"totalDays":400,"dayWidth":40,"showTodayLine":true,"showProgressLine":true} @ http://localhost:5000/js/netplan.js:802
[  333339ms] [LOG] [NET] tasks: 16 | rels: 17 @ http://localhost:5000/js/netplan.js:819
[  333340ms] [LOG] [NET] SVG size: 16180 x 1420 @ http://localhost:5000/js/netplan.js:836
[  333340ms] [LOG] [SVG] opts: todayLine= true progressLine= true dayWidth= 40 critical= true float= true @ http://localhost:5000/js/netplan.js:494
[  333342ms] [LOG] [NET] SVG rendered. @ http://localhost:5000/js/netplan.js:846
[  446074ms] [INFO] [2026-05-05T04:58:57.701Z] Information: Normalizing '_blazor' to 'http://localhost:5000/_blazor'. @ http://localhost:5000/_framework/blazor.server.js:0
[  446076ms] [INFO] [2026-05-05T04:58:57.703Z] Information: WebSocket connected to ws://localhost:5000/_blazor?id=uigmhoWFdZ8AJaTBHh7_gA. @ http://localhost:5000/_framework/blazor.server.js:0
[  447638ms] [LOG] [NET] poller: calling renderNetwork... @ http://localhost:5000/js/netplan.js:1089
[  447639ms] [LOG] [NET] SVG render. opts: {"totalDays":400,"dayWidth":40,"showTodayLine":true,"showProgressLine":true} @ http://localhost:5000/js/netplan.js:802
[  447639ms] [LOG] [NET] tasks: 16 | rels: 17 @ http://localhost:5000/js/netplan.js:819
[  447639ms] [LOG] [NET] SVG size: 16180 x 1420 @ http://localhost:5000/js/netplan.js:836
[  447640ms] [LOG] [SVG] opts: todayLine= true progressLine= true dayWidth= 40 critical= true float= true @ http://localhost:5000/js/netplan.js:494
[  447642ms] [LOG] [NET] SVG rendered. @ http://localhost:5000/js/netplan.js:846
